<?xml version="1.0" encoding="UTF-8"?>
<!-- Generated by org.testng.reporters.JUnitReportReporter -->
<testsuite skipped="0" hostname="DESKTOP-MUUF13S" name="testCase.TC002AddNewPayee" tests="1" failures="0" timestamp="29 Jan 2022 03:47:24 GMT" time="1.911" errors="0">
  <testcase name="AddPayee" time="1.911" classname="testCase.TC002AddNewPayee"/>
</testsuite> <!-- testCase.TC002AddNewPayee -->
