<?xml version="1.0" encoding="UTF-8"?>
<!-- Generated by org.testng.reporters.JUnitReportReporter -->
<testsuite skipped="0" hostname="DESKTOP-MUUF13S" name="testCase.TC003PayBillSprint" tests="1" failures="0" timestamp="05 Feb 2022 03:03:29 GMT" time="1.995" errors="0">
  <testcase name="payBillSprint" time="1.995" classname="testCase.TC003PayBillSprint"/>
</testsuite> <!-- testCase.TC003PayBillSprint -->
