<?xml version="1.0" encoding="UTF-8"?>
<!-- Generated by org.testng.reporters.JUnitReportReporter -->
<testsuite skipped="0" hostname="DESKTOP-MUUF13S" name="testCase.TC001Login" tests="1" failures="0" timestamp="29 Jan 2022 17:15:50 GMT" time="8.018" errors="0">
  <testcase name="verifyLogin" time="8.018" classname="testCase.TC001Login"/>
</testsuite> <!-- testCase.TC001Login -->
