<?xml version="1.0" encoding="UTF-8"?>
<!-- Generated by org.testng.reporters.JUnitReportReporter -->
<testsuite skipped="0" hostname="DESKTOP-MUUF13S" name="testCase.TC003PayBillSprint" tests="1" failures="0" timestamp="29 Jan 2022 17:15:50 GMT" time="2.330" errors="0">
  <testcase name="payBillSprint" time="2.330" classname="testCase.TC003PayBillSprint"/>
</testsuite> <!-- testCase.TC003PayBillSprint -->
