<?xml version="1.0" encoding="UTF-8"?>
<!-- Generated by org.testng.reporters.JUnitReportReporter -->
<testsuite skipped="0" hostname="DESKTOP-MUUF13S" name="testCase.TC001Login" tests="1" failures="0" timestamp="05 Feb 2022 03:03:29 GMT" time="7.641" errors="0">
  <testcase name="verifyLogin" time="7.641" classname="testCase.TC001Login"/>
</testsuite> <!-- testCase.TC001Login -->
